INFO    : PreTeXt project found in `C:\Users\a.gilbert1\Documents\GitHub\DiscreteMathForComputing`.
INFO    : converting latex-image pictures from C:\Users\a.gilbert1\Documents\GitHub\DiscreteMathForComputing\source\main.ptx to svg graphics for placement in C:\Users\a.gilbert1\Documents\GitHub\DiscreteMathForComputing\generated-assets\latex-image
INFO    : extracting latex-image pictures from C:\Users\a.gilbert1\Documents\GitHub\DiscreteMathForComputing\source\main.ptx
INFO    : string parameters passed to extraction stylesheet: {'publisher': 'C:/Users/a.gilbert1/Documents/GitHub/DiscreteMathForComputing/publication/publication.ptx'}
INFO    : discovering source file's directory name: C:\Users\a.gilbert1\Documents\GitHub\DiscreteMathForComputing\source
INFO    : verifying and expanding input directory: C:\Users\a.gilbert1\Documents\GitHub\DiscreteMathForComputing\source\../generated-assets
INFO    : input directory expanded to absolute path: C:\Users\a.gilbert1\Documents\GitHub\DiscreteMathForComputing\generated-assets
INFO    : verifying and expanding input directory: C:\Users\a.gilbert1\Documents\GitHub\DiscreteMathForComputing\source\../assets
INFO    : input directory expanded to absolute path: C:\Users\a.gilbert1\Documents\GitHub\DiscreteMathForComputing\assets
INFO    : XSL conversion of C:\Users\a.gilbert1\Documents\GitHub\DiscreteMathForComputing\source\main.ptx by C:\Users\a.gilbert1\.ptx\xsl\extract-latex-image.xsl
INFO    : comprehensive messages, warnings, and errors:
INFO    : successful application of C:\Users\a.gilbert1\.ptx\xsl\extract-latex-image.xsl
INFO    : converting an-example-graph.tex to an-example-graph.pdf
INFO    : cropping an-example-graph.pdf to cropped-an-example-graph.pdf
INFO    : renaming cropped-an-example-graph.pdf to an-example-graph.pdf
WARNING : Unable to generate some latex-image assets: PTX:ERROR: cannot locate executable with configuration name `pdfsvg` as command `pdf2svg`
***  Edit the configuration file  ("pretext.cfg" or "project.ptx") and/or install  ***
***  the necessary program and/or make sure the executable is on your PATH         ***
INFO    : Removing temporary directory C:\Users\A21B2~1.GIL\AppData\Local\Temp\tmpkw3w6oj5
INFO    : Preparing to build into C:\Users\a.gilbert1\Documents\GitHub\DiscreteMathForComputing\output\html.
INFO    : discovering source file's directory name: C:\Users\a.gilbert1\Documents\GitHub\DiscreteMathForComputing\source
INFO    : verifying and expanding input directory: C:\Users\a.gilbert1\Documents\GitHub\DiscreteMathForComputing\source\../generated-assets
INFO    : input directory expanded to absolute path: C:\Users\a.gilbert1\Documents\GitHub\DiscreteMathForComputing\generated-assets
INFO    : verifying and expanding input directory: C:\Users\a.gilbert1\Documents\GitHub\DiscreteMathForComputing\source\../assets
INFO    : input directory expanded to absolute path: C:\Users\a.gilbert1\Documents\GitHub\DiscreteMathForComputing\assets
INFO    : Runestone Services (via PreTeXt repository): version 7.1.2
INFO    : Runestone Services (using newer, via online CDN query): version 7.2.11
INFO    : converting C:\Users\a.gilbert1\Documents\GitHub\DiscreteMathForComputing\source\main.ptx to HTML in C:\Users\A21B2~1.GIL\AppData\Local\Temp\tmp_78p6p4x
INFO    : XSL conversion of C:\Users\a.gilbert1\Documents\GitHub\DiscreteMathForComputing\source\main.ptx by C:\Users\a.gilbert1\.ptx\xsl\pretext-html.xsl
INFO    : comprehensive messages, warnings, and errors:
INFO    :     * PTX:DEPRECATE: (2023-08-08) a "website" element with "address" and "name" children has changed.  Continue to use the "website" element as before, but replace the "address" and "name" children with a single "url" element, which is more flexible and reliable.  We will try to honor your intent, but you may prefer your own adjustments. (1 time)
INFO    :     *              located within: "frontmatter" (xml:id)
INFO    :     * --------------
INFO    : successful application of C:\Users\a.gilbert1\.ptx\xsl\pretext-html.xsl
INFO    : 
Success! Run `pretext view` to see the results.

