INFO    : PreTeXt project found in `C:\Users\agilb\Documents\GitHub\DiscreteMathForComputing`.
INFO    : converting latex-image pictures from C:\Users\agilb\Documents\GitHub\DiscreteMathForComputing\source\main.ptx to svg graphics for placement in C:\Users\agilb\Documents\GitHub\DiscreteMathForComputing\generated-assets\latex-image
INFO    : extracting latex-image pictures from C:\Users\agilb\Documents\GitHub\DiscreteMathForComputing\source\main.ptx
INFO    : string parameters passed to extraction stylesheet: {'publisher': 'C:/Users/agilb/Documents/GitHub/DiscreteMathForComputing/publication/publication.ptx', 'subtree': 'an-example-graph'}
INFO    : discovering source file's directory name: C:\Users\agilb\Documents\GitHub\DiscreteMathForComputing\source
INFO    : verifying and expanding input directory: C:\Users\agilb\Documents\GitHub\DiscreteMathForComputing\source\../generated-assets
INFO    : input directory expanded to absolute path: C:\Users\agilb\Documents\GitHub\DiscreteMathForComputing\generated-assets
INFO    : verifying and expanding input directory: C:\Users\agilb\Documents\GitHub\DiscreteMathForComputing\source\../assets
INFO    : input directory expanded to absolute path: C:\Users\agilb\Documents\GitHub\DiscreteMathForComputing\assets
INFO    : XSL conversion of C:\Users\agilb\Documents\GitHub\DiscreteMathForComputing\source\main.ptx by C:\Users\agilb\.ptx\xsl\extract-latex-image.xsl
INFO    : comprehensive messages, warnings, and errors:
INFO    : successful application of C:\Users\agilb\.ptx\xsl\extract-latex-image.xsl
INFO    : converting an-example-graph.tex to an-example-graph.pdf
INFO    : cropping an-example-graph.pdf to cropped-an-example-graph.pdf
INFO    : renaming cropped-an-example-graph.pdf to an-example-graph.pdf
WARNING : Unable to generate some latex-image assets: PTX:ERROR: cannot locate executable with configuration name `pdfsvg` as command `pdf2svg`
***  Edit the configuration file  ("pretext.cfg" or "project.ptx") and/or install  ***
***  the necessary program and/or make sure the executable is on your PATH         ***
INFO    : Removing temporary directory C:\Users\agilb\AppData\Local\Temp\tmphxymrxqt
INFO    : Preparing to build into C:\Users\agilb\Documents\GitHub\DiscreteMathForComputing\output\html.
INFO    : discovering source file's directory name: C:\Users\agilb\Documents\GitHub\DiscreteMathForComputing\source
INFO    : verifying and expanding input directory: C:\Users\agilb\Documents\GitHub\DiscreteMathForComputing\source\../generated-assets
INFO    : input directory expanded to absolute path: C:\Users\agilb\Documents\GitHub\DiscreteMathForComputing\generated-assets
INFO    : verifying and expanding input directory: C:\Users\agilb\Documents\GitHub\DiscreteMathForComputing\source\../assets
INFO    : input directory expanded to absolute path: C:\Users\agilb\Documents\GitHub\DiscreteMathForComputing\assets
INFO    : Runestone Services (via PreTeXt repository): version 7.2.9
INFO    : Runestone Services (using newer, via online CDN query): version 7.2.18
INFO    : converting C:\Users\agilb\Documents\GitHub\DiscreteMathForComputing\source\main.ptx to HTML in C:\Users\agilb\AppData\Local\Temp\tmpncljs4oi
INFO    : XSL conversion of C:\Users\agilb\Documents\GitHub\DiscreteMathForComputing\source\main.ptx by C:\Users\agilb\.ptx\xsl\pretext-html.xsl
INFO    : comprehensive messages, warnings, and errors:
INFO    :     * PTX:WARNING: A section containing subsections needs to have other content inside an <introduction> and/or  <conclusion>.
INFO    :     *              located within: "sec_counting-basics" (xml:id), "Basic Counting Techniques" (title)
INFO    : successful application of C:\Users\agilb\.ptx\xsl\pretext-html.xsl
INFO    : 
Success! Run `pretext view` to see the results.

