INFO    : PreTeXt-CLI version: 2.4.0

INFO    : PreTeXt project found in `/workspaces/DiscreteMathForComputing`.
WARNING : Using CLI version 2.4.0 but project's `requirements.txt`
WARNING : is configured to use 2.3.4. Consider either installing
WARNING : CLI version 2.3.4 or running `pretext init --refresh`
WARNING : to update `requirements.txt` to match 2.4.0.
INFO    : converting latex-image pictures from /workspaces/DiscreteMathForComputing/source/main.ptx to svg graphics for placement in /workspaces/DiscreteMathForComputing/generated-assets/latex-image
INFO    : extracting latex-image pictures from /workspaces/DiscreteMathForComputing/source/main.ptx
INFO    : string parameters passed to extraction stylesheet: {'publisher': '/workspaces/DiscreteMathForComputing/publication/publication.ptx'}
INFO    : discovering source file's directory name: /workspaces/DiscreteMathForComputing/source
INFO    : verifying and expanding input directory: /workspaces/DiscreteMathForComputing/source/../generated-assets
INFO    : input directory expanded to absolute path: /workspaces/DiscreteMathForComputing/generated-assets
INFO    : verifying and expanding input directory: /workspaces/DiscreteMathForComputing/source/../assets
INFO    : input directory expanded to absolute path: /workspaces/DiscreteMathForComputing/assets
INFO    : XSL conversion of /workspaces/DiscreteMathForComputing/source/main.ptx by /home/vscode/.ptx/xsl/extract-latex-image.xsl
INFO    : successful application of /home/vscode/.ptx/xsl/extract-latex-image.xsl
INFO    : converting an-example-graph.tex to an-example-graph.pdf
INFO    : cropping an-example-graph.pdf to cropped-an-example-graph.pdf
INFO    : renaming cropped-an-example-graph.pdf to an-example-graph.pdf
INFO    : converting an-example-graph.pdf to an-example-graph.svg
INFO    : Removing temporary directory /tmp/ptx-c1ibjp9l
INFO    : Preparing to build into /workspaces/DiscreteMathForComputing/output/html.
INFO    : discovering source file's directory name: /workspaces/DiscreteMathForComputing/source
INFO    : verifying and expanding input directory: /workspaces/DiscreteMathForComputing/source/../generated-assets
INFO    : input directory expanded to absolute path: /workspaces/DiscreteMathForComputing/generated-assets
INFO    : verifying and expanding input directory: /workspaces/DiscreteMathForComputing/source/../assets
INFO    : input directory expanded to absolute path: /workspaces/DiscreteMathForComputing/assets
INFO    : Runestone Services (via PreTeXt repository): version 7.2.15
INFO    : Runestone Services (using newer, via online CDN query): version 7.2.18
INFO    : converting /workspaces/DiscreteMathForComputing/source/main.ptx to HTML in /tmp/ptx-memmc0vz
INFO    : XSL conversion of /workspaces/DiscreteMathForComputing/source/main.ptx by /home/vscode/.ptx/xsl/pretext-html.xsl
INFO    : messages from the log for XSL processing (indented):
INFO    :     * PTX:DEPRECATE: (2023-08-08) a "website" element with "address" and "name" children has changed.  Continue to use the "website" element as before, but replace the "address" and "name" children with a single "url" element, which is more flexible and reliable.  We will try to honor your intent, but you may prefer your own adjustments. (1 time)
INFO    :     *              located within: "frontmatter" (xml:id)
INFO    :     * --------------
INFO    : successful application of /home/vscode/.ptx/xsl/pretext-html.xsl
CRITICAL: [('/tmp/ptx-memmc0vz/_static/pretext/js/pretext-webwork/2.18', '/workspaces/DiscreteMathForComputing/output/html/_static/pretext/js/pretext-webwork/2.18', "[Errno 17] File exists: '/workspaces/DiscreteMathForComputing/output/html/_static/pretext/js/pretext-webwork/2.18'")]
INFO    : ------------------------
CRITICAL: Failed to build.  Exiting...
INFO    : While running pretext, the following errors occurred:

