INFO    : PreTeXt-CLI version: 2.4.1

INFO    : PreTeXt project found in `/workspaces/DiscreteMathForComputing`.
WARNING : Using CLI version 2.4.1 but project's `requirements.txt`
WARNING : is configured to use 2.3.6. Consider either installing
WARNING : CLI version 2.3.6 or running `pretext init --refresh`
WARNING : to update `requirements.txt` to match 2.4.1.
INFO    : Since no target was supplied, we will use "html".

INFO    : Staging latest build located in `/workspaces/DiscreteMathForComputing/output/html` at `/workspaces/DiscreteMathForComputing/output/stage`.
INFO    : 
INFO    : Deployment is now staged at `/workspaces/DiscreteMathForComputing/output/stage`.
INFO    : Preparing to deploy from active `main` git branch.
INFO    : 
INFO    : Changes to project source since last commit detected.
INFO    : Add/committing these changes to local Git repository.
INFO    : 
INFO    : Committing your latest build to the `gh-pages` branch.
INFO    : 
INFO    : Attempting to connect to remote repository at `https://github.com/agmath/DiscreteMathForComputing`...
INFO    : 
INFO    : 
INFO    : Latest build successfully pushed to GitHub!
INFO    : 
INFO    : To enable GitHub Pages, visit
INFO    :     https://github.com/agmath/DiscreteMathForComputing/settings/pages
INFO    : selecting the `gh-pages` branch with the `/ (root)` folder.
INFO    : 
INFO    : Visit
INFO    :     https://github.com/agmath/DiscreteMathForComputing/actions/
INFO    : to check on the status of your GitHub Pages deployment.
INFO    : 
INFO    : Your built project will soon be available to the public at:
INFO    :     https://agmath.github.io/DiscreteMathForComputing/
