INFO    : PreTeXt-CLI version: 2.4.1

INFO    : PreTeXt project found in `/workspaces/DiscreteMathForComputing`.
WARNING : Using CLI version 2.4.1 but project's `requirements.txt`
WARNING : is configured to use 2.3.6. Consider either installing
WARNING : CLI version 2.3.6 or running `pretext init --refresh`
WARNING : to update `requirements.txt` to match 2.4.1.
INFO    : converting latex-image pictures from /workspaces/DiscreteMathForComputing/source/main.ptx to svg graphics for placement in /workspaces/DiscreteMathForComputing/generated-assets/latex-image
INFO    : extracting latex-image pictures from /workspaces/DiscreteMathForComputing/source/main.ptx
INFO    : string parameters passed to extraction stylesheet: {'publisher': '/workspaces/DiscreteMathForComputing/publication/publication.ptx', 'subtree': 'forking-process'}
INFO    : discovering source file's directory name: /workspaces/DiscreteMathForComputing/source
INFO    : verifying and expanding input directory: /workspaces/DiscreteMathForComputing/source/../generated-assets
INFO    : input directory expanded to absolute path: /workspaces/DiscreteMathForComputing/generated-assets
INFO    : verifying and expanding input directory: /workspaces/DiscreteMathForComputing/source/../assets
INFO    : input directory expanded to absolute path: /workspaces/DiscreteMathForComputing/assets
INFO    : XSL conversion of /workspaces/DiscreteMathForComputing/source/main.ptx by /home/vscode/.ptx/xsl/extract-latex-image.xsl
INFO    : successful application of /home/vscode/.ptx/xsl/extract-latex-image.xsl
INFO    : converting forking-process.tex to forking-process.pdf
ERROR   : LaTeX compilation of forking-process.tex failed.
Re-run, requesting "source" as the format, to analyze the image.
Likely creating the entire document as PDF will fail similarly.
The transcript of the LaTeX run follows.
WARNING : Unable to generate some latex-image assets:
 LaTeX compilation failed for 1 "latex-image"(s).
Review the log for error messages, and LaTeX transcripts.
Images are:
  forking-process.tex
INFO    : Removing temporary directory /tmp/ptx-uae8xzlc
INFO    : Preparing to build into /workspaces/DiscreteMathForComputing/output/html.
INFO    : discovering source file's directory name: /workspaces/DiscreteMathForComputing/source
INFO    : verifying and expanding input directory: /workspaces/DiscreteMathForComputing/source/../generated-assets
INFO    : input directory expanded to absolute path: /workspaces/DiscreteMathForComputing/generated-assets
INFO    : verifying and expanding input directory: /workspaces/DiscreteMathForComputing/source/../assets
INFO    : input directory expanded to absolute path: /workspaces/DiscreteMathForComputing/assets
INFO    : Runestone Services (via PreTeXt repository): version 7.2.15
INFO    : Runestone Services (using newer, via online CDN query): version 7.2.18
INFO    : converting /workspaces/DiscreteMathForComputing/source/main.ptx to HTML in /tmp/ptx-zhfs5bcg
INFO    : XSL conversion of /workspaces/DiscreteMathForComputing/source/main.ptx by /home/vscode/.ptx/xsl/pretext-html.xsl
INFO    : messages from the log for XSL processing (indented):
INFO    :     * PTX:WARNING: A section containing subsections needs to have other content inside an <introduction> and/or  <conclusion>.
INFO    :     *              located within: "sec_counting-basics" (xml:id), "Basic Counting Techniques" (title)
INFO    : successful application of /home/vscode/.ptx/xsl/pretext-html.xsl
INFO    : 
Success! Run `pretext view` to see the results.

INFO    : While running pretext, the following errors occurred:

